<?xml version="1.0" encoding="UTF-8"?>
<!-- Generated by org.testng.reporters.JUnitXMLReporter -->
<testsuite hostname="Niemas-MacBook-Pro.local" ignored="2" name="Test_Interview" tests="1" failures="0" timestamp="20 Jan 2020 05:04:06 GMT" time="31.458" errors="0">
  <testcase name="PutUserInfo" time="1.989" classname="Service.apiTest"/>
  <testcase name="PostNewUser" time="0.0" classname="Service.apiTest">
    <ignored/>
  </testcase> <!-- PostNewUser -->
  <testcase name="GetResponse" time="0.0" classname="Service.apiTest">
    <ignored/>
  </testcase> <!-- GetResponse -->
</testsuite> <!-- Test_Interview -->
