<?xml version="1.0" encoding="UTF-8"?>
<!-- Generated by org.testng.reporters.JUnitXMLReporter -->
<testsuite hostname="Niemas-MacBook-Pro.local" ignored="2" name="Test_Interview" tests="1" failures="0" timestamp="20 Jan 2020 00:56:24 GMT" time="3.18" errors="0">
  <testcase name="PostNewUser" time="2.348" classname="Service.apiTest"/>
  <testcase name="PutUserInfo" time="0.0" classname="Service.apiTest">
    <ignored/>
  </testcase> <!-- PutUserInfo -->
  <testcase name="GetPostsResponse" time="0.0" classname="Service.apiTest">
    <ignored/>
  </testcase> <!-- GetPostsResponse -->
</testsuite> <!-- Test_Interview -->
