<?xml version="1.0" encoding="UTF-8"?>
<!-- Generated by org.testng.reporters.JUnitXMLReporter -->
<testsuite hostname="Niemas-MacBook-Pro.local" ignored="0" name="API" tests="3" failures="0" timestamp="20 Jan 2020 05:06:10 GMT" time="7.096" errors="0">
  <testcase name="GetResponse" time="2.023" classname="Service.apiTest"/>
  <testcase name="PostNewUser" time="0.267" classname="Service.apiTest"/>
  <testcase name="PutUserInfo" time="0.204" classname="Service.apiTest"/>
</testsuite> <!-- API -->
