<?xml version="1.0" encoding="UTF-8"?>
<!-- Generated by org.testng.reporters.JUnitXMLReporter -->
<testsuite hostname="Niemas-MacBook-Pro.local" ignored="1" name="Interview Test" tests="2" failures="0" timestamp="19 Jan 2020 21:17:56 GMT" time="34.931" errors="0">
  <testcase name="AddUserTest" time="1.856" classname="UI.tests.AddUserTest"/>
  <testcase name="FilterUserTest" time="1.943" classname="UI.tests.FilterUserTest"/>
  <testcase name="@BeforeSuite init" time="0.0" classname="UI.BaseObject.BaseSetUp">
    <ignored/>
  </testcase> <!-- @BeforeSuite init -->
</testsuite> <!-- Interview Test -->
