<?xml version="1.0" encoding="UTF-8"?>
<!-- Generated by org.testng.reporters.JUnitXMLReporter -->
<testsuite hostname="Niemas-MacBook-Pro.local" ignored="1" name="Interview Test" tests="2" failures="0" timestamp="20 Jan 2020 05:30:49 GMT" time="325.403" errors="0">
  <testcase name="AddUserTest" time="6.524" classname="UI.tests.AddUserTest"/>
  <testcase name="FilterUserTest" time="7.042" classname="UI.tests.FilterUserTest"/>
  <testcase name="@BeforeSuite init" time="0.0" classname="UI.BaseObject.BaseSetUp">
    <ignored/>
  </testcase> <!-- @BeforeSuite init -->
</testsuite> <!-- Interview Test -->
