<?xml version="1.0" encoding="UTF-8"?>
<!-- Generated by org.testng.reporters.JUnitXMLReporter -->
<testsuite hostname="Niemas-MacBook-Pro.local" ignored="0" name="apiTests" tests="3" failures="0" timestamp="21 Jan 2020 03:23:15 GMT" time="10.698" errors="0">
  <testcase name="GetResponse" time="4.938" classname="Service.apiTest"/>
  <testcase name="PostNewUser" time="0.264" classname="Service.apiTest"/>
  <testcase name="PutUserInfo" time="0.221" classname="Service.apiTest"/>
</testsuite> <!-- apiTests -->
