<?xml version="1.0" encoding="UTF-8"?>
<!-- Generated by org.testng.reporters.JUnitXMLReporter -->
<testsuite hostname="Niemas-MacBook-Pro.local" ignored="1" name="UITests" tests="2" failures="0" timestamp="21 Jan 2020 03:23:50 GMT" time="34.096" errors="0">
  <testcase name="AddUserTest" time="1.922" classname="UI.tests.AddUserTest"/>
  <testcase name="FilterUserTest" time="1.947" classname="UI.tests.FilterUserTest"/>
  <testcase name="@BeforeSuite init" time="0.0" classname="UI.BaseObject.BaseSetUp">
    <ignored/>
  </testcase> <!-- @BeforeSuite init -->
</testsuite> <!-- UITests -->
