<?xml version="1.0" encoding="UTF-8"?>
<testng-results ignored="0" total="1" passed="1" failed="0" skipped="0">
  <reporter-output>
  </reporter-output>
  <suite started-at="2020-01-18T11:45:05Z" name="UISuite" finished-at="2020-01-18T11:45:06Z" duration-ms="623">
    <groups>
    </groups>
    <test started-at="2020-01-18T11:45:05Z" name="Interview Test" finished-at="2020-01-18T11:45:06Z" duration-ms="623">
      <class name="UI.tests.TestProject">
        <test-method is-config="true" signature="init()[pri:0, instance:UI.tests.TestProject@5fdcaa40]" started-at="2020-01-18T11:44:32Z" name="init" finished-at="2020-01-18T11:44:49Z" duration-ms="16299" status="PASS">
          <reporter-output>
          </reporter-output>
        </test-method> <!-- init -->
        <test-method is-config="true" signature="setUp()[pri:0, instance:UI.tests.TestProject@5fdcaa40]" started-at="2020-01-18T11:44:49Z" name="setUp" finished-at="2020-01-18T11:45:05Z" depends-on-methods="UI.BaseObject.BaseSetUp.init" duration-ms="16687" status="PASS">
          <reporter-output>
          </reporter-output>
        </test-method> <!-- setUp -->
        <test-method signature="AddUserTest()[pri:0, instance:UI.tests.TestProject@5fdcaa40]" started-at="2020-01-18T11:45:05Z" name="AddUserTest" finished-at="2020-01-18T11:45:06Z" duration-ms="595" status="PASS">
          <reporter-output>
          </reporter-output>
        </test-method> <!-- AddUserTest -->
        <test-method is-config="true" signature="tearDown()[pri:0, instance:UI.tests.TestProject@5fdcaa40]" started-at="2020-01-18T11:45:06Z" name="tearDown" finished-at="2020-01-18T11:45:06Z" duration-ms="99" status="PASS">
          <reporter-output>
          </reporter-output>
        </test-method> <!-- tearDown -->
      </class> <!-- UI.tests.TestProject -->
    </test> <!-- Interview Test -->
  </suite> <!-- UISuite -->
</testng-results>
