<?xml version="1.0" encoding="UTF-8"?>
<!-- Generated by org.testng.reporters.JUnitXMLReporter -->
<testsuite hostname="Niemas-MacBook-Pro.local" ignored="0" name="API Test Test" tests="3" failures="0" timestamp="21 Jan 2020 03:16:03 GMT" time="25.948" errors="0">
  <testcase name="GetResponse" time="2.295" classname="Service.apiTest"/>
  <testcase name="PostNewUser" time="0.267" classname="Service.apiTest"/>
  <testcase name="PutUserInfo" time="0.207" classname="Service.apiTest"/>
</testsuite> <!-- API Test Test -->
